=============== LOG ENTRY BEGIN ===============
Fri Dec 08 2017 10:37:36 GMT-0800 (PST)
 
TERMINAL COMMANDS:
$: /usr/local/Cellar/node/8.5.0/bin/node,/Users/iceman/Desktop/bootcamp/homework/liri-node-app/liri.js,mytweets
 
DATA OUTPUT:
1. Tweet: Test https://t.co/w4CzUpELAv
Created at: Thu Oct 27 02:27:50 +0000 2016 
2. Tweet: 31 Crockpot Freezer Meals for Back-to-School https://t.co/cGBa3W1NIO
Created at: Wed Apr 13 04:46:32 +0000 2016 
3. Tweet: Tweeting for HW10
Created at: Tue Apr 12 20:08:34 +0000 2016 
4. Tweet: Tweeting for HW9
Created at: Tue Apr 12 20:08:29 +0000 2016 
5. Tweet: Tweeting for HW8
Created at: Tue Apr 12 20:08:25 +0000 2016 
6. Tweet: Tweeting for HW7
Created at: Tue Apr 12 20:08:21 +0000 2016 
7. Tweet: Tweeting for HW6
Created at: Tue Apr 12 20:08:17 +0000 2016 
8. Tweet: Tweeting for HW5
Created at: Tue Apr 12 20:08:13 +0000 2016 
9. Tweet: Tweeting for HW4
Created at: Tue Apr 12 20:08:08 +0000 2016 
10. Tweet: Tweeting for HW3
Created at: Tue Apr 12 20:08:05 +0000 2016 
11. Tweet: Tweeting for HW2
Created at: Tue Apr 12 20:08:01 +0000 2016 
12. Tweet: Tweeting for HW1
Created at: Tue Apr 12 20:07:55 +0000 2016 
13. Tweet: Tweeting for HW
Created at: Tue Apr 12 20:07:27 +0000 2016 
14. Tweet: Tweet Tweet Tweet Tweet Tweet 3
Created at: Tue Apr 12 20:06:58 +0000 2016 
15. Tweet: Tweet Tweet Tweet Tweet Tweet 2
Created at: Tue Apr 12 19:55:17 +0000 2016 
16. Tweet: Tweet Tweet Tweet Tweet Tweet 1
Created at: Tue Apr 12 19:55:11 +0000 2016 
17. Tweet: Tweet Tweet Tweet Tweet Tweet
Created at: Tue Apr 12 19:55:04 +0000 2016 
18. Tweet: Blah to the 3rd power
Created at: Tue Apr 12 01:41:46 +0000 2016 
19. Tweet: Doing homework. Still.
Created at: Tue Apr 12 01:41:11 +0000 2016 
20. Tweet: Doing homework now =)
Created at: Mon Apr 11 17:18:52 +0000 2016 
=============== LOG ENTRY END ===============
 
=============== LOG ENTRY BEGIN ===============
Fri Dec 08 2017 10:39:05 GMT-0800 (PST)
 
TERMINAL COMMANDS:
$: /usr/local/Cellar/node/8.5.0/bin/node,/Users/iceman/Desktop/bootcamp/homework/liri-node-app/liri.js,mytweets
 
DATA OUTPUT:
1. Tweet: I am a tweet
Created at: Thu Dec 07 19:56:48 +0000 2017 
2. Tweet: Predicting the Earth’s most severe weather. Finally finding a cure for cancer. Developing more meaningful interacti… https://t.co/uq8kFgQifs
Created at: Thu Dec 07 19:50:17 +0000 2017 
3. Tweet: Google is pulling YouTube off the Fire TV and Echo Show as feud with Amazon
Created at: Thu Dec 07 19:49:49 +0000 2017 
4. Tweet: RT @DavidHodge: Close up video of Tesla Roadster launching from zero https://t.co/6FziM9M755
Created at: Fri Nov 17 07:11:15 +0000 2017 
5. Tweet: @DavidHodge crazy
Created at: Fri Nov 17 06:18:45 +0000 2017 
=============== LOG ENTRY END ===============
 
=============== LOG ENTRY BEGIN ===============
Fri Dec 08 2017 10:47:12 GMT-0800 (PST)
 
TERMINAL COMMANDS:
$: /usr/local/Cellar/node/8.5.0/bin/node,/Users/iceman/Desktop/bootcamp/homework/liri-node-app/liri.js,mytweets
 
DATA OUTPUT:
1. Tweet: If you want to defeat this lopsided tax bill, it is not a done deal. 

Efforts in ME, AZ, CA, NY, NJ especially critical.

More later.
Created at: Fri Dec 08 18:46:27 +0000 2017 
2. Tweet: I really hope that @Google knows that they struck gold when they hired @sarahnovotny. I’ve known Sarah for years an… https://t.co/WHSvVXXtGL
Created at: Fri Dec 08 18:46:13 +0000 2017 
3. Tweet: Your beer could soon be delivered in a Tesla.  Anheuser-Busch places order for 40 all-electric Tesla Semis https://t.co/hL8h7AwMAY
Created at: Fri Dec 08 18:45:13 +0000 2017 
4. Tweet: NVIDIA GPU Cloud has now expanded support to TITAN V, bringing the NGC deep learning software containers to even more #AI researchers.
Created at: Fri Dec 08 18:44:53 +0000 2017 
5. Tweet: To any person, leader, country or terrorist group that uses this week's decision as a pretext for violence: you are… https://t.co/Dxggs6JN0p
Created at: Fri Dec 08 18:44:24 +0000 2017 
6. Tweet: This morning, @BernieSanders had a message for @POTUS about sexual misconduct and resignation.
Created at: Fri Dec 08 18:44:10 +0000 2017 
7. Tweet: The Pope has revealed he wants to change the Lord's Prayer - as he thinks the current version implies that God pushes people toward sin
Created at: Fri Dec 08 18:43:57 +0000 2017 
8. Tweet: A 19-year-old student died of anorexia because of a series of failures that involved every NHS organisation that ca… https://t.co/n22jz3ET19
Created at: Fri Dec 08 18:43:29 +0000 2017 
9. Tweet: The US economy added 228,000 nonfarm payrolls in November, more than economists had forecast, a report on Friday fr… https://t.co/UqAC4uyu6N
Created at: Fri Dec 08 18:43:06 +0000 2017 
10. Tweet: Cryptocurrency is the next step in the digitization of everything — 'It’s sort of inevitable'
Created at: Fri Dec 08 18:42:46 +0000 2017 
11. Tweet: Here are your top 10 apps in Apple's App Store right now:

10 Amazon
9 Bitmoji
8 Google Maps
7 Snapchat
6 Facebook… https://t.co/PnxnjIKopm
Created at: Fri Dec 08 18:42:33 +0000 2017 
12. Tweet: Packed house tonight for our #NIPS2017 reception! We're looking forward to sharing the evening with you. Let's get this party started! 🎉
Created at: Fri Dec 08 18:42:04 +0000 2017 
13. Tweet: U.S. homeless population increased for first time since 2010, driven by surge in number of people living on the str… https://t.co/MpogjODfyZ
Created at: Fri Dec 08 18:41:39 +0000 2017 
14. Tweet: Why you might not have gained from buying Bitcoin in 2013
Created at: Fri Dec 08 18:41:28 +0000 2017 
15. Tweet: Jensen Huang surprises #NIPS2017 attendees by announcing the new NVIDIA #TITANV.
Created at: Fri Dec 08 18:41:12 +0000 2017 
16. Tweet: I am a tweet
Created at: Thu Dec 07 19:56:48 +0000 2017 
17. Tweet: Predicting the Earth’s most severe weather. Finally finding a cure for cancer. Developing more meaningful interacti… https://t.co/uq8kFgQifs
Created at: Thu Dec 07 19:50:17 +0000 2017 
18. Tweet: Google is pulling YouTube off the Fire TV and Echo Show as feud with Amazon
Created at: Thu Dec 07 19:49:49 +0000 2017 
19. Tweet: RT @DavidHodge: Close up video of Tesla Roadster launching from zero https://t.co/6FziM9M755
Created at: Fri Nov 17 07:11:15 +0000 2017 
20. Tweet: @DavidHodge crazy
Created at: Fri Nov 17 06:18:45 +0000 2017 
=============== LOG ENTRY END ===============
 
=============== LOG ENTRY BEGIN ===============
Fri Dec 08 2017 21:00:46 GMT-0800 (PST)
 
TERMINAL COMMANDS:
$: /usr/local/Cellar/node/8.5.0/bin/node,/Users/iceman/Desktop/bootcamp/homework/liri-node-app/liri.js,my-tweets
 
DATA OUTPUT:
1. Tweet: If you want to defeat this lopsided tax bill, it is not a done deal. 

Efforts in ME, AZ, CA, NY, NJ especially critical.

More later.
Created at: Fri Dec 08 18:46:27 +0000 2017 
2. Tweet: I really hope that @Google knows that they struck gold when they hired @sarahnovotny. I’ve known Sarah for years an… https://t.co/WHSvVXXtGL
Created at: Fri Dec 08 18:46:13 +0000 2017 
3. Tweet: Your beer could soon be delivered in a Tesla.  Anheuser-Busch places order for 40 all-electric Tesla Semis https://t.co/hL8h7AwMAY
Created at: Fri Dec 08 18:45:13 +0000 2017 
4. Tweet: NVIDIA GPU Cloud has now expanded support to TITAN V, bringing the NGC deep learning software containers to even more #AI researchers.
Created at: Fri Dec 08 18:44:53 +0000 2017 
5. Tweet: To any person, leader, country or terrorist group that uses this week's decision as a pretext for violence: you are… https://t.co/Dxggs6JN0p
Created at: Fri Dec 08 18:44:24 +0000 2017 
6. Tweet: This morning, @BernieSanders had a message for @POTUS about sexual misconduct and resignation.
Created at: Fri Dec 08 18:44:10 +0000 2017 
7. Tweet: The Pope has revealed he wants to change the Lord's Prayer - as he thinks the current version implies that God pushes people toward sin
Created at: Fri Dec 08 18:43:57 +0000 2017 
8. Tweet: A 19-year-old student died of anorexia because of a series of failures that involved every NHS organisation that ca… https://t.co/n22jz3ET19
Created at: Fri Dec 08 18:43:29 +0000 2017 
9. Tweet: The US economy added 228,000 nonfarm payrolls in November, more than economists had forecast, a report on Friday fr… https://t.co/UqAC4uyu6N
Created at: Fri Dec 08 18:43:06 +0000 2017 
10. Tweet: Cryptocurrency is the next step in the digitization of everything — 'It’s sort of inevitable'
Created at: Fri Dec 08 18:42:46 +0000 2017 
11. Tweet: Here are your top 10 apps in Apple's App Store right now:

10 Amazon
9 Bitmoji
8 Google Maps
7 Snapchat
6 Facebook… https://t.co/PnxnjIKopm
Created at: Fri Dec 08 18:42:33 +0000 2017 
12. Tweet: Packed house tonight for our #NIPS2017 reception! We're looking forward to sharing the evening with you. Let's get this party started! 🎉
Created at: Fri Dec 08 18:42:04 +0000 2017 
13. Tweet: U.S. homeless population increased for first time since 2010, driven by surge in number of people living on the str… https://t.co/MpogjODfyZ
Created at: Fri Dec 08 18:41:39 +0000 2017 
14. Tweet: Why you might not have gained from buying Bitcoin in 2013
Created at: Fri Dec 08 18:41:28 +0000 2017 
15. Tweet: Jensen Huang surprises #NIPS2017 attendees by announcing the new NVIDIA #TITANV.
Created at: Fri Dec 08 18:41:12 +0000 2017 
16. Tweet: I am a tweet
Created at: Thu Dec 07 19:56:48 +0000 2017 
17. Tweet: Predicting the Earth’s most severe weather. Finally finding a cure for cancer. Developing more meaningful interacti… https://t.co/uq8kFgQifs
Created at: Thu Dec 07 19:50:17 +0000 2017 
18. Tweet: Google is pulling YouTube off the Fire TV and Echo Show as feud with Amazon
Created at: Thu Dec 07 19:49:49 +0000 2017 
19. Tweet: RT @DavidHodge: Close up video of Tesla Roadster launching from zero https://t.co/6FziM9M755
Created at: Fri Nov 17 07:11:15 +0000 2017 
20. Tweet: @DavidHodge crazy
Created at: Fri Nov 17 06:18:45 +0000 2017 
=============== LOG ENTRY END ===============
 
=============== LOG ENTRY BEGIN ===============
Fri Dec 08 2017 22:15:08 GMT-0800 (PST)
 
TERMINAL COMMANDS:
$: /usr/local/Cellar/node/8.5.0/bin/node,/Users/iceman/Desktop/bootcamp/homework/liri-node-app/liri.js,my-tweets
 
DATA OUTPUT:
=============== LOG ENTRY BEGIN ===============
Fri Dec 08 2017 22:24:32 GMT-0800 (PST)
 
TERMINAL COMMANDS:
$: /usr/local/Cellar/node/8.5.0/bin/node,/Users/iceman/Desktop/bootcamp/homework/liri-node-app/liri.js,my-tweets
 
DATA OUTPUT:
=============== LOG ENTRY BEGIN ===============
Fri Dec 08 2017 22:29:07 GMT-0800 (PST)
 
TERMINAL COMMANDS:
$: /usr/local/Cellar/node/8.5.0/bin/node,/Users/iceman/Desktop/bootcamp/homework/liri-node-app/liri.js,my-tweets
 
DATA OUTPUT:
